2025-01-26 18:53:02,242 - src.utils.api_handler - INFO - Creating test vessels
2025-01-26 18:53:02,252 - src.utils.api_handler - INFO - Successfully created 3 test vessels
2025-01-26 18:53:02,283 - src.utils.api_handler - INFO - Creating test vessels
2025-01-26 18:53:02,293 - src.utils.api_handler - INFO - Successfully created 3 test vessels
2025-01-26 20:37:36,829 - src.utils.api_handler - INFO - Creating test vessels
2025-01-26 20:37:37,518 - src.utils.api_handler - INFO - Successfully created 3 test vessels
2025-01-26 20:38:04,092 - src.utils.api_handler - INFO - Creating test vessels
2025-01-26 20:38:04,096 - src.utils.api_handler - INFO - Successfully created 3 test vessels
2025-01-26 20:38:27,887 - src.utils.api_handler - INFO - Creating test vessels
2025-01-26 20:38:27,889 - src.utils.api_handler - INFO - Successfully created 3 test vessels
2025-01-26 20:38:36,293 - src.utils.api_handler - INFO - Creating test vessels
2025-01-26 20:38:36,296 - src.utils.api_handler - INFO - Successfully created 3 test vessels
2025-01-26 20:48:31,493 - src.utils.api_handler - INFO - Creating test vessels
2025-01-26 20:48:31,499 - src.utils.api_handler - INFO - Successfully created 3 test vessels
2025-01-26 20:48:31,744 - src.utils.api_handler - INFO - Creating test vessels
2025-01-26 20:48:31,747 - src.utils.api_handler - INFO - Successfully created 3 test vessels
2025-01-26 22:18:17,276 - src.utils.api_handler - INFO - Creating test vessels
2025-01-26 22:18:17,276 - src.utils.api_handler - INFO - Successfully created 3 test vessels
2025-01-27 00:23:20,839 - src.utils.api_handler - INFO - Creating test vessels
2025-01-27 00:23:20,841 - src.utils.api_handler - INFO - Successfully created 3 test vessels
2025-01-27 01:41:04,553 - src.utils.api_handler - INFO - Creating test vessels
2025-01-27 01:41:04,601 - src.utils.api_handler - INFO - Successfully created 3 test vessels
2025-01-27 14:06:10,744 - src.utils.api_handler - INFO - Creating test vessels
2025-01-27 14:06:10,761 - src.utils.api_handler - INFO - Successfully created 3 test vessels
2025-01-27 14:11:23,362 - src.utils.api_handler - INFO - Creating test vessels
2025-01-27 14:11:23,371 - src.utils.api_handler - INFO - Successfully created 3 test vessels
2025-01-27 14:11:23,391 - src.utils.api_handler - INFO - Creating test vessels
2025-01-27 14:11:23,405 - src.utils.api_handler - INFO - Successfully created 3 test vessels
2025-01-27 14:14:24,451 - src.utils.api_handler - INFO - Creating test vessels
2025-01-27 14:14:24,457 - src.utils.api_handler - INFO - Successfully created 3 test vessels
2025-01-27 14:14:24,489 - src.utils.api_handler - INFO - Creating test vessels
2025-01-27 14:14:24,499 - src.utils.api_handler - INFO - Successfully created 3 test vessels
2025-01-27 17:07:33,209 - src.utils.api_handler - INFO - Creating test vessels
2025-01-27 17:07:33,239 - src.utils.api_handler - WARNING - No saved vessel data found, using sample data
2025-01-27 17:07:33,242 - src.utils.api_handler - INFO - Successfully created 3 test vessels
2025-01-27 17:08:14,265 - src.utils.api_handler - INFO - Creating test vessels
2025-01-27 17:08:14,269 - src.utils.api_handler - ERROR - Error creating vessel from saved state: 'Moderate'
2025-01-27 17:08:14,270 - src.utils.api_handler - ERROR - Error creating vessel from saved state: 'Calm'
2025-01-27 17:08:14,270 - src.utils.api_handler - ERROR - Error creating vessel from saved state: 'Rough'
2025-01-27 17:08:14,276 - src.utils.api_handler - INFO - Successfully created 3 test vessels
2025-01-27 17:08:20,249 - src.utils.api_handler - INFO - Creating test vessels
2025-01-27 17:08:20,301 - src.utils.api_handler - ERROR - Error creating vessel from saved state: 'Moderate'
2025-01-27 17:08:20,315 - src.utils.api_handler - ERROR - Error creating vessel from saved state: 'Calm'
2025-01-27 17:08:20,385 - src.utils.api_handler - ERROR - Error creating vessel from saved state: 'Rough'
2025-01-27 17:08:20,495 - src.utils.api_handler - INFO - Successfully created 3 test vessels
2025-01-27 17:17:26,748 - src.utils.api_handler - INFO - Creating test vessels
2025-01-27 17:17:26,814 - src.utils.api_handler - WARNING - Error loading voyage data: fromisoformat: argument must be str
2025-01-27 17:17:26,815 - src.utils.api_handler - WARNING - Error loading voyage data: fromisoformat: argument must be str
2025-01-27 17:17:26,816 - src.utils.api_handler - WARNING - Error loading voyage data: fromisoformat: argument must be str
2025-01-27 17:17:26,817 - src.utils.api_handler - WARNING - Error loading voyage data: fromisoformat: argument must be str
2025-01-27 17:17:26,817 - src.utils.api_handler - INFO - Loaded 3 vessels from saved state
2025-01-27 18:04:57,942 - src.utils.api_handler - INFO - Creating test vessels
2025-01-27 18:04:58,013 - src.utils.api_handler - WARNING - Invalid date format for voyage OC001
2025-01-27 18:04:58,014 - src.utils.api_handler - WARNING - Invalid date format for voyage OC002
2025-01-27 18:04:58,015 - src.utils.api_handler - WARNING - Invalid date format for voyage BSD001
2025-01-27 18:04:58,016 - src.utils.api_handler - WARNING - Invalid date format for voyage SF001
2025-01-27 18:04:58,016 - src.utils.api_handler - INFO - Loaded 3 vessels from saved state
2025-01-27 18:28:59,222 - src.utils.api_handler - INFO - Creating test vessels
2025-01-27 18:28:59,271 - src.utils.api_handler - WARNING - Invalid date format for voyage OC001
2025-01-27 18:28:59,272 - src.utils.api_handler - WARNING - Invalid date format for voyage OC002
2025-01-27 18:28:59,273 - src.utils.api_handler - WARNING - Invalid date format for voyage BSD001
2025-01-27 18:28:59,274 - src.utils.api_handler - WARNING - Invalid date format for voyage SF001
2025-01-27 18:28:59,276 - src.utils.api_handler - INFO - Loaded 3 vessels from saved state
2025-01-27 18:35:51,093 - src.utils.api_handler - INFO - Creating test vessels
2025-01-27 18:35:51,096 - src.utils.api_handler - ERROR - Error creating test vessels: MarineTrafficAPI._create_vessel_from_saved_state() missing 1 required positional argument: 'voyages_data'
2025-01-27 18:43:08,429 - src.utils.api_handler - INFO - Creating test vessels
2025-01-27 18:43:08,432 - src.utils.api_handler - ERROR - Error creating test vessels: MarineTrafficAPI._create_vessel_from_saved_state() missing 1 required positional argument: 'voyages_data'
2025-01-27 18:43:08,535 - src.utils.api_handler - INFO - Creating test vessels
2025-01-27 18:43:08,537 - src.utils.api_handler - ERROR - Error creating test vessels: MarineTrafficAPI._create_vessel_from_saved_state() missing 1 required positional argument: 'voyages_data'
2025-01-27 18:57:56,107 - src.utils.api_handler - INFO - Creating test vessels
2025-01-27 18:57:56,121 - src.utils.api_handler - ERROR - Error creating test vessels: MarineTrafficAPI._create_vessel_from_saved_state() missing 1 required positional argument: 'self'
2025-01-27 18:58:35,414 - src.utils.api_handler - INFO - Creating test vessels
2025-01-27 18:58:35,414 - src.utils.api_handler - ERROR - Error creating test vessels: MarineTrafficAPI._create_vessel_from_saved_state() missing 1 required positional argument: 'self'
2025-01-27 18:58:43,604 - src.utils.api_handler - INFO - Creating test vessels
2025-01-27 18:58:43,604 - src.utils.api_handler - ERROR - Error creating test vessels: MarineTrafficAPI._create_vessel_from_saved_state() missing 1 required positional argument: 'self'
2025-01-27 19:14:55,665 - src.utils.api_handler - INFO - Creating test vessels
2025-01-27 19:14:55,681 - src.utils.api_handler - ERROR - Error creating vessel from saved data: MarineTrafficAPI._create_vessel_from_saved_state() missing 1 required positional argument: 'voyages_data'
2025-01-27 19:14:55,682 - src.utils.api_handler - ERROR - Error creating vessel from saved data: MarineTrafficAPI._create_vessel_from_saved_state() missing 1 required positional argument: 'voyages_data'
2025-01-27 19:14:55,683 - src.utils.api_handler - ERROR - Error creating vessel from saved data: MarineTrafficAPI._create_vessel_from_saved_state() missing 1 required positional argument: 'voyages_data'
2025-01-27 19:14:55,683 - src.utils.api_handler - INFO - Using sample data
2025-01-27 19:14:55,715 - src.utils.api_handler - INFO - Successfully created 3 test vessels
2025-01-27 19:15:40,599 - src.utils.api_handler - INFO - Creating test vessels
2025-01-27 19:15:40,604 - src.utils.api_handler - ERROR - Error creating vessel from saved data: MarineTrafficAPI._create_vessel_from_saved_state() missing 1 required positional argument: 'voyages_data'
2025-01-27 19:15:40,604 - src.utils.api_handler - ERROR - Error creating vessel from saved data: MarineTrafficAPI._create_vessel_from_saved_state() missing 1 required positional argument: 'voyages_data'
2025-01-27 19:15:40,605 - src.utils.api_handler - ERROR - Error creating vessel from saved data: MarineTrafficAPI._create_vessel_from_saved_state() missing 1 required positional argument: 'voyages_data'
2025-01-27 19:15:40,606 - src.utils.api_handler - INFO - Using sample data
2025-01-27 19:15:40,613 - src.utils.api_handler - INFO - Successfully created 3 test vessels
2025-01-27 19:45:55,825 - src.utils.api_handler - INFO - Creating test vessels
2025-01-27 19:45:55,860 - src.utils.api_handler - ERROR - Error creating vessel from saved data: MarineTrafficAPI._create_vessel_from_saved_state() missing 1 required positional argument: 'voyages_data'
2025-01-27 19:45:55,861 - src.utils.api_handler - ERROR - Error creating vessel from saved data: MarineTrafficAPI._create_vessel_from_saved_state() missing 1 required positional argument: 'voyages_data'
2025-01-27 19:45:55,861 - src.utils.api_handler - ERROR - Error creating vessel from saved data: MarineTrafficAPI._create_vessel_from_saved_state() missing 1 required positional argument: 'voyages_data'
2025-01-27 19:45:55,862 - src.utils.api_handler - INFO - Using sample data
2025-01-27 19:45:55,877 - src.utils.api_handler - INFO - Successfully created 3 test vessels
2025-01-27 19:46:27,789 - src.utils.api_handler - INFO - Creating test vessels
2025-01-27 19:46:27,795 - src.utils.api_handler - ERROR - Error creating vessel from saved data: MarineTrafficAPI._create_vessel_from_saved_state() missing 1 required positional argument: 'voyages_data'
2025-01-27 19:46:27,796 - src.utils.api_handler - ERROR - Error creating vessel from saved data: MarineTrafficAPI._create_vessel_from_saved_state() missing 1 required positional argument: 'voyages_data'
2025-01-27 19:46:27,796 - src.utils.api_handler - ERROR - Error creating vessel from saved data: MarineTrafficAPI._create_vessel_from_saved_state() missing 1 required positional argument: 'voyages_data'
2025-01-27 19:46:27,797 - src.utils.api_handler - INFO - Using sample data
2025-01-27 19:46:27,806 - src.utils.api_handler - INFO - Successfully created 3 test vessels
2025-01-27 19:49:48,888 - src.utils.api_handler - INFO - Creating test vessels
2025-01-27 19:49:48,888 - src.utils.api_handler - INFO - Creating test vessels
2025-01-27 19:49:48,943 - src.utils.api_handler - INFO - Creating test vessels
2025-01-27 19:49:48,945 - src.utils.api_handler - WARNING - Error loading voyage data: strptime() argument 1 must be str, not datetime.datetime
2025-01-27 19:49:48,962 - src.utils.api_handler - WARNING - Error loading voyage data: strptime() argument 1 must be str, not datetime.datetime
2025-01-27 19:49:48,963 - src.utils.api_handler - WARNING - Error loading voyage data: strptime() argument 1 must be str, not datetime.datetime
2025-01-27 19:49:48,972 - src.utils.api_handler - WARNING - Error loading voyage data: strptime() argument 1 must be str, not datetime.datetime
2025-01-27 19:49:48,974 - src.utils.api_handler - WARNING - Error loading voyage data: strptime() argument 1 must be str, not datetime.datetime
2025-01-27 19:49:48,977 - src.utils.api_handler - WARNING - Error loading voyage data: strptime() argument 1 must be str, not datetime.datetime
2025-01-27 19:49:48,978 - src.utils.api_handler - WARNING - Error loading voyage data: strptime() argument 1 must be str, not datetime.datetime
2025-01-27 19:49:48,979 - src.utils.api_handler - WARNING - Error loading voyage data: strptime() argument 1 must be str, not datetime.datetime
2025-01-27 19:49:48,980 - src.utils.api_handler - WARNING - Error loading voyage data: strptime() argument 1 must be str, not datetime.datetime
2025-01-27 19:49:48,981 - src.utils.api_handler - WARNING - Error loading voyage data: strptime() argument 1 must be str, not datetime.datetime
2025-01-27 19:49:48,981 - src.utils.api_handler - WARNING - Error loading voyage data: strptime() argument 1 must be str, not datetime.datetime
2025-01-27 19:49:48,981 - src.utils.api_handler - WARNING - Error loading voyage data: strptime() argument 1 must be str, not datetime.datetime
2025-01-27 19:49:48,982 - src.utils.api_handler - INFO - Loaded 3 vessels from saved state
2025-01-27 19:49:48,982 - src.utils.api_handler - INFO - Loaded 3 vessels from saved state
2025-01-27 19:49:48,982 - src.utils.api_handler - INFO - Loaded 3 vessels from saved state
2025-01-27 19:54:34,320 - src.utils.api_handler - INFO - Creating test vessels
2025-01-27 19:54:34,320 - src.utils.api_handler - INFO - Creating test vessels
2025-01-27 19:54:34,335 - src.utils.api_handler - INFO - Loaded 3 vessels from saved state
2025-01-27 19:54:34,335 - src.utils.api_handler - INFO - Loaded 3 vessels from saved state
2025-01-27 19:54:34,381 - src.utils.api_handler - INFO - Creating test vessels
2025-01-27 19:54:34,417 - src.utils.api_handler - INFO - Loaded 3 vessels from saved state
2025-01-27 23:39:01,133 - src.utils.api_handler - INFO - Creating test vessels
2025-01-27 23:39:01,279 - src.utils.api_handler - INFO - Loaded 3 vessels from saved state
2025-01-27 23:41:42,207 - src.utils.api_handler - INFO - Creating test vessels
2025-01-27 23:41:42,209 - src.utils.api_handler - INFO - Loaded 3 vessels from saved state
2025-01-28 09:47:19,465 - src.utils.api_handler - INFO - Creating test vessels
2025-01-28 09:47:19,882 - src.utils.api_handler - INFO - Loaded 3 vessels from saved state
2025-01-28 10:17:57,169 - src.utils.api_handler - INFO - Creating test vessels
2025-01-28 10:17:57,233 - src.utils.api_handler - INFO - Loaded 3 vessels from saved state
2025-01-28 10:19:16,372 - src.utils.api_handler - INFO - Creating test vessels
2025-01-28 10:19:16,378 - src.utils.api_handler - INFO - Loaded 3 vessels from saved state
2025-01-28 10:19:51,434 - src.utils.api_handler - INFO - Creating test vessels
2025-01-28 10:19:51,436 - src.utils.api_handler - INFO - Loaded 3 vessels from saved state
2025-01-28 10:20:08,817 - src.utils.api_handler - INFO - Creating test vessels
2025-01-28 10:20:08,819 - src.utils.api_handler - INFO - Loaded 3 vessels from saved state
2025-01-28 10:20:49,170 - src.utils.api_handler - INFO - Creating test vessels
2025-01-28 10:20:49,173 - src.utils.api_handler - INFO - Loaded 3 vessels from saved state
2025-01-28 10:20:52,746 - src.utils.api_handler - INFO - Creating test vessels
2025-01-28 10:20:52,748 - src.utils.api_handler - INFO - Loaded 3 vessels from saved state
2025-01-28 10:20:56,475 - src.utils.api_handler - INFO - Creating test vessels
2025-01-28 10:20:56,477 - src.utils.api_handler - INFO - Loaded 3 vessels from saved state
2025-01-28 10:21:00,399 - src.utils.api_handler - INFO - Creating test vessels
2025-01-28 10:21:00,401 - src.utils.api_handler - INFO - Loaded 3 vessels from saved state
2025-01-28 10:21:16,158 - src.utils.api_handler - INFO - Creating test vessels
2025-01-28 10:21:16,160 - src.utils.api_handler - INFO - Loaded 3 vessels from saved state
2025-01-28 10:21:18,873 - src.utils.api_handler - INFO - Creating test vessels
2025-01-28 10:21:18,875 - src.utils.api_handler - INFO - Loaded 3 vessels from saved state
2025-01-28 10:21:35,547 - src.utils.api_handler - INFO - Creating test vessels
2025-01-28 10:21:35,550 - src.utils.api_handler - INFO - Loaded 3 vessels from saved state
2025-01-28 10:22:05,613 - src.utils.api_handler - INFO - Creating test vessels
2025-01-28 10:22:05,614 - src.utils.api_handler - INFO - Loaded 3 vessels from saved state
2025-01-28 10:22:08,196 - src.utils.api_handler - INFO - Creating test vessels
2025-01-28 10:22:08,198 - src.utils.api_handler - INFO - Loaded 3 vessels from saved state
2025-01-28 10:22:58,842 - src.utils.api_handler - INFO - Creating test vessels
2025-01-28 10:22:58,845 - src.utils.api_handler - INFO - Loaded 3 vessels from saved state
2025-01-28 10:23:15,116 - src.utils.api_handler - INFO - Creating test vessels
2025-01-28 10:23:15,118 - src.utils.api_handler - INFO - Loaded 3 vessels from saved state
2025-01-28 10:23:16,995 - src.utils.api_handler - INFO - Creating test vessels
2025-01-28 10:23:16,997 - src.utils.api_handler - INFO - Loaded 3 vessels from saved state
2025-01-28 10:53:58,652 - src.utils.api_handler - INFO - Creating test vessels
2025-01-28 10:53:58,776 - src.utils.api_handler - INFO - Loaded 3 vessels from saved state
2025-01-28 10:54:17,125 - src.utils.api_handler - INFO - Creating test vessels
2025-01-28 10:54:17,127 - src.utils.api_handler - INFO - Loaded 3 vessels from saved state
2025-01-28 10:54:19,454 - src.utils.api_handler - INFO - Creating test vessels
2025-01-28 10:54:19,457 - src.utils.api_handler - INFO - Loaded 3 vessels from saved state
2025-01-28 10:54:22,724 - src.utils.api_handler - INFO - Creating test vessels
2025-01-28 10:54:22,726 - src.utils.api_handler - INFO - Loaded 3 vessels from saved state
2025-01-28 10:55:36,037 - src.utils.api_handler - INFO - Creating test vessels
2025-01-28 10:55:36,039 - src.utils.api_handler - INFO - Loaded 3 vessels from saved state
2025-01-28 10:55:51,247 - src.utils.api_handler - INFO - Creating test vessels
2025-01-28 10:55:51,249 - src.utils.api_handler - INFO - Loaded 3 vessels from saved state
2025-01-28 10:56:44,126 - src.utils.api_handler - INFO - Creating test vessels
2025-01-28 10:56:44,129 - src.utils.api_handler - INFO - Loaded 3 vessels from saved state
2025-01-28 10:56:47,614 - src.utils.api_handler - INFO - Creating test vessels
2025-01-28 10:56:47,617 - src.utils.api_handler - INFO - Loaded 3 vessels from saved state
2025-01-28 11:27:14,384 - src.utils.api_handler - INFO - Creating test vessels
2025-01-28 11:27:14,415 - src.utils.api_handler - INFO - Loaded 3 vessels from saved state
2025-01-28 11:27:30,534 - src.utils.api_handler - INFO - Creating test vessels
2025-01-28 11:27:30,536 - src.utils.api_handler - INFO - Loaded 3 vessels from saved state
2025-01-28 11:27:46,087 - src.utils.api_handler - INFO - Creating test vessels
2025-01-28 11:27:46,089 - src.utils.api_handler - INFO - Loaded 3 vessels from saved state
2025-01-28 11:33:00,347 - src.utils.api_handler - INFO - Creating test vessels
2025-01-28 11:33:00,399 - src.utils.api_handler - INFO - Loaded 3 vessels from saved state
2025-01-28 11:34:00,657 - src.utils.api_handler - INFO - Creating test vessels from sample data
2025-01-28 11:34:00,674 - src.utils.api_handler - INFO - Successfully created 3 test vessels
2025-01-28 11:46:06,080 - src.utils.api_handler - INFO - Creating test vessels from sample data
2025-01-28 11:46:06,119 - src.utils.api_handler - INFO - Successfully created 3 test vessels
2025-01-28 11:59:11,332 - src.utils.api_handler - INFO - Creating test vessels from sample data
2025-01-28 11:59:11,354 - src.utils.api_handler - INFO - Successfully created 3 test vessels
2025-01-28 12:01:48,335 - src.utils.api_handler - INFO - Creating test vessels from sample data
2025-01-28 12:01:48,371 - src.utils.api_handler - INFO - Successfully created 3 test vessels
2025-01-28 12:05:04,504 - src.utils.api_handler - INFO - Creating test vessels from sample data
2025-01-28 12:05:04,521 - src.utils.api_handler - INFO - Successfully created 3 test vessels
2025-01-28 12:22:34,329 - src.utils.api_handler - INFO - Creating test vessels from sample data
2025-01-28 12:22:34,415 - src.utils.api_handler - INFO - Successfully created 3 test vessels
2025-01-28 12:22:41,475 - src.utils.api_handler - INFO - Creating test vessels from sample data
2025-01-28 12:22:41,497 - src.utils.api_handler - INFO - Successfully created 3 test vessels
2025-01-28 12:22:43,624 - src.utils.api_handler - INFO - Creating test vessels from sample data
2025-01-28 12:22:43,650 - src.utils.api_handler - INFO - Successfully created 3 test vessels
2025-01-28 12:24:26,500 - src.utils.api_handler - INFO - Creating test vessels from sample data
2025-01-28 12:24:26,517 - src.utils.api_handler - INFO - Successfully created 3 test vessels
2025-01-28 12:25:09,586 - src.utils.api_handler - INFO - Creating test vessels from sample data
2025-01-28 12:25:09,608 - src.utils.api_handler - INFO - Successfully created 3 test vessels
2025-01-28 12:25:11,597 - src.utils.api_handler - INFO - Creating test vessels from sample data
2025-01-28 12:25:11,632 - src.utils.api_handler - INFO - Successfully created 3 test vessels
2025-01-28 12:26:58,959 - src.utils.api_handler - INFO - Creating test vessels from sample data
2025-01-28 12:26:59,069 - src.utils.api_handler - INFO - Successfully created 3 test vessels
2025-01-28 12:45:18,705 - src.utils.api_handler - INFO - Creating test vessels from sample data
2025-01-28 12:45:18,767 - src.utils.api_handler - INFO - Successfully created 3 test vessels
2025-01-28 13:54:53,333 - src.utils.api_handler - INFO - Creating test vessels from sample data
2025-01-28 13:54:53,424 - src.utils.api_handler - INFO - Successfully created 3 test vessels
2025-01-28 14:05:15,667 - src.utils.api_handler - INFO - Creating test vessels from sample data
2025-01-28 14:05:15,693 - src.utils.api_handler - INFO - Successfully created 3 test vessels
2025-01-28 16:04:45,579 - src.utils.api_handler - INFO - Creating test vessels from sample data
2025-01-28 16:04:45,634 - src.utils.api_handler - INFO - Successfully created 3 test vessels
2025-01-28 16:11:29,696 - src.utils.api_handler - INFO - Creating test vessels from sample data
2025-01-28 16:11:29,728 - src.utils.api_handler - INFO - Successfully created 3 test vessels
2025-01-28 16:12:18,335 - src.utils.api_handler - INFO - Creating test vessels from sample data
2025-01-28 16:12:18,402 - src.utils.api_handler - INFO - Successfully created 3 test vessels
2025-01-28 16:12:23,278 - src.utils.api_handler - INFO - Creating test vessels from sample data
2025-01-28 16:12:23,324 - src.utils.api_handler - INFO - Successfully created 3 test vessels
2025-01-29 18:59:41,403 - src.utils.api_handler - INFO - Creating test vessels from sample data
2025-01-29 18:59:41,481 - src.utils.api_handler - INFO - Successfully created 3 test vessels
2025-01-29 19:15:04,773 - src.utils.api_handler - INFO - Creating test vessels from sample data
2025-01-29 19:15:04,821 - src.utils.api_handler - INFO - Successfully created 3 test vessels
2025-01-29 19:15:10,706 - src.utils.api_handler - INFO - Creating test vessels from sample data
2025-01-29 19:15:10,764 - src.utils.api_handler - INFO - Successfully created 3 test vessels
2025-01-29 19:34:46,716 - src.utils.api_handler - INFO - Creating test vessels from sample data
2025-01-29 19:34:46,766 - src.utils.api_handler - INFO - Successfully created 3 test vessels
2025-01-29 19:46:20,646 - src.utils.api_handler - INFO - Creating test vessels from sample data
2025-01-29 19:46:20,865 - src.utils.api_handler - INFO - Successfully created 3 test vessels
2025-01-29 19:46:32,626 - src.utils.api_handler - INFO - Creating test vessels from sample data
2025-01-29 19:46:32,689 - src.utils.api_handler - INFO - Successfully created 3 test vessels
2025-01-29 19:47:09,099 - src.utils.api_handler - INFO - Creating test vessels from sample data
2025-01-29 19:47:09,137 - src.utils.api_handler - INFO - Successfully created 3 test vessels
2025-01-29 19:48:04,549 - src.utils.api_handler - INFO - Creating test vessels from sample data
2025-01-29 19:48:04,584 - src.utils.api_handler - INFO - Successfully created 3 test vessels
2025-01-29 19:48:22,131 - src.utils.api_handler - INFO - Creating test vessels from sample data
2025-01-29 19:48:22,210 - src.utils.api_handler - INFO - Successfully created 3 test vessels
2025-01-29 19:48:44,993 - src.utils.api_handler - INFO - Creating test vessels from sample data
2025-01-29 19:48:45,040 - src.utils.api_handler - INFO - Successfully created 3 test vessels
2025-01-29 21:06:22,978 - src.utils.api_handler - INFO - Creating test vessels from sample data
2025-01-29 21:06:23,159 - src.utils.api_handler - INFO - Successfully created 3 test vessels
2025-01-29 21:06:38,276 - src.utils.api_handler - INFO - Creating test vessels from sample data
2025-01-29 21:06:38,308 - src.utils.api_handler - INFO - Successfully created 3 test vessels
2025-01-29 21:09:03,867 - src.utils.api_handler - INFO - Creating test vessels from sample data
2025-01-29 21:09:03,893 - src.utils.api_handler - INFO - Successfully created 3 test vessels
2025-01-29 21:09:09,676 - src.utils.api_handler - INFO - Creating test vessels from sample data
2025-01-29 21:09:09,702 - src.utils.api_handler - INFO - Successfully created 3 test vessels
2025-01-29 21:09:12,897 - src.utils.api_handler - INFO - Creating test vessels from sample data
2025-01-29 21:09:12,934 - src.utils.api_handler - INFO - Successfully created 3 test vessels
2025-01-29 21:09:14,834 - src.utils.api_handler - INFO - Creating test vessels from sample data
2025-01-29 21:09:14,856 - src.utils.api_handler - INFO - Successfully created 3 test vessels
2025-01-29 21:20:41,391 - src.utils.api_handler - INFO - Creating test vessels from sample data
2025-01-29 21:20:41,423 - src.utils.api_handler - INFO - Successfully created 3 test vessels
2025-01-29 21:20:59,227 - src.utils.api_handler - INFO - Creating test vessels from sample data
2025-01-29 21:20:59,248 - src.utils.api_handler - INFO - Successfully created 3 test vessels
2025-01-29 21:22:10,935 - src.utils.api_handler - INFO - Creating test vessels from sample data
2025-01-29 21:22:10,967 - src.utils.api_handler - INFO - Successfully created 3 test vessels
2025-01-29 21:22:13,696 - src.utils.api_handler - INFO - Creating test vessels from sample data
2025-01-29 21:22:13,722 - src.utils.api_handler - INFO - Successfully created 3 test vessels
2025-01-29 21:22:17,384 - src.utils.api_handler - INFO - Creating test vessels from sample data
2025-01-29 21:22:17,427 - src.utils.api_handler - INFO - Successfully created 3 test vessels
2025-01-29 21:22:42,879 - src.utils.api_handler - INFO - Creating test vessels from sample data
2025-01-29 21:22:42,901 - src.utils.api_handler - INFO - Successfully created 3 test vessels
2025-01-29 21:26:16,201 - src.utils.api_handler - INFO - Creating test vessels from sample data
2025-01-29 21:26:16,215 - src.utils.api_handler - INFO - Successfully created 3 test vessels
2025-01-29 21:26:25,402 - src.utils.api_handler - INFO - Creating test vessels from sample data
2025-01-29 21:26:25,428 - src.utils.api_handler - INFO - Successfully created 3 test vessels
2025-01-29 21:26:26,452 - src.utils.api_handler - INFO - Creating test vessels from sample data
2025-01-29 21:26:26,473 - src.utils.api_handler - INFO - Successfully created 3 test vessels
2025-01-29 21:27:04,213 - src.utils.api_handler - INFO - Creating test vessels from sample data
2025-01-29 21:27:04,230 - src.utils.api_handler - INFO - Successfully created 3 test vessels
2025-01-29 21:27:11,155 - src.utils.api_handler - INFO - Creating test vessels from sample data
2025-01-29 21:27:11,171 - src.utils.api_handler - INFO - Successfully created 3 test vessels
2025-01-29 21:28:16,200 - src.utils.api_handler - INFO - Creating test vessels from sample data
2025-01-29 21:28:16,223 - src.utils.api_handler - INFO - Successfully created 3 test vessels
2025-01-29 21:49:45,374 - src.utils.api_handler - INFO - Creating test vessels from sample data
2025-01-29 21:49:45,393 - src.utils.api_handler - INFO - Successfully created 3 test vessels
2025-01-29 22:00:53,640 - src.utils.api_handler - INFO - Creating test vessels from sample data
2025-01-29 22:00:53,666 - src.utils.api_handler - INFO - Successfully created 3 test vessels
2025-01-29 22:01:35,028 - src.utils.api_handler - INFO - Creating test vessels from sample data
2025-01-29 22:01:35,060 - src.utils.api_handler - INFO - Successfully created 3 test vessels
2025-01-29 22:01:41,126 - src.utils.api_handler - INFO - Creating test vessels from sample data
2025-01-29 22:01:41,152 - src.utils.api_handler - INFO - Successfully created 3 test vessels
2025-01-29 22:04:11,499 - src.utils.api_handler - INFO - Creating test vessels from sample data
2025-01-29 22:04:11,663 - src.utils.api_handler - INFO - Successfully created 3 test vessels
2025-01-29 22:04:21,706 - src.utils.api_handler - INFO - Creating test vessels from sample data
2025-01-29 22:04:21,731 - src.utils.api_handler - INFO - Successfully created 3 test vessels
2025-01-29 22:04:34,038 - src.utils.api_handler - INFO - Creating test vessels from sample data
2025-01-29 22:04:34,077 - src.utils.api_handler - INFO - Successfully created 3 test vessels
2025-01-29 22:04:35,911 - src.utils.api_handler - INFO - Creating test vessels from sample data
2025-01-29 22:04:35,925 - src.utils.api_handler - INFO - Successfully created 3 test vessels
2025-01-29 22:04:51,212 - src.utils.api_handler - INFO - Creating test vessels from sample data
2025-01-29 22:04:51,231 - src.utils.api_handler - INFO - Successfully created 3 test vessels
2025-01-29 22:06:07,079 - src.utils.api_handler - INFO - Creating test vessels from sample data
2025-01-29 22:06:07,102 - src.utils.api_handler - INFO - Successfully created 3 test vessels
2025-01-29 22:06:08,435 - src.utils.api_handler - INFO - Creating test vessels from sample data
2025-01-29 22:06:08,454 - src.utils.api_handler - INFO - Successfully created 3 test vessels
2025-01-29 22:17:32,707 - src.utils.api_handler - INFO - Creating test vessels from sample data
2025-01-29 22:17:32,739 - src.utils.api_handler - INFO - Successfully created 3 test vessels
2025-01-29 22:19:18,104 - src.utils.api_handler - INFO - Creating test vessels from sample data
2025-01-29 22:19:18,123 - src.utils.api_handler - INFO - Successfully created 3 test vessels
2025-01-30 00:27:57,989 - src.utils.api_handler - INFO - Creating test vessels from sample data
2025-01-30 00:27:58,032 - src.utils.api_handler - INFO - Successfully created 3 test vessels
2025-01-30 00:28:48,754 - src.utils.api_handler - INFO - Creating test vessels from sample data
2025-01-30 00:28:48,818 - src.utils.api_handler - INFO - Successfully created 3 test vessels
2025-01-30 00:28:56,065 - src.utils.api_handler - INFO - Creating test vessels from sample data
2025-01-30 00:28:56,120 - src.utils.api_handler - INFO - Successfully created 3 test vessels
2025-01-30 00:28:58,685 - src.utils.api_handler - INFO - Creating test vessels from sample data
2025-01-30 00:28:58,713 - src.utils.api_handler - INFO - Successfully created 3 test vessels
2025-01-30 13:44:37,867 - src.utils.api_handler - INFO - Creating test vessels from sample data
2025-01-30 13:44:37,884 - src.utils.api_handler - INFO - Successfully created 3 test vessels
2025-01-30 13:45:19,183 - src.utils.api_handler - INFO - Creating test vessels from sample data
2025-01-30 13:45:20,368 - src.utils.api_handler - INFO - Successfully created 3 test vessels
2025-01-30 13:45:26,297 - src.utils.api_handler - INFO - Creating test vessels from sample data
2025-01-30 13:45:26,318 - src.utils.api_handler - INFO - Successfully created 3 test vessels
2025-01-30 13:45:41,405 - src.utils.api_handler - INFO - Creating test vessels from sample data
2025-01-30 13:45:41,427 - src.utils.api_handler - INFO - Successfully created 3 test vessels
2025-01-30 13:47:44,629 - src.utils.api_handler - INFO - Creating test vessels from sample data
2025-01-30 13:47:44,661 - src.utils.api_handler - INFO - Successfully created 3 test vessels
2025-01-30 13:47:50,997 - src.utils.api_handler - INFO - Creating test vessels from sample data
2025-01-30 13:47:51,023 - src.utils.api_handler - INFO - Successfully created 3 test vessels
2025-01-30 13:48:14,372 - src.utils.api_handler - INFO - Creating test vessels from sample data
2025-01-30 13:48:14,540 - src.utils.api_handler - INFO - Successfully created 3 test vessels
2025-01-30 13:48:19,745 - src.utils.api_handler - INFO - Creating test vessels from sample data
2025-01-30 13:48:19,765 - src.utils.api_handler - INFO - Successfully created 3 test vessels
2025-01-30 13:48:23,011 - src.utils.api_handler - INFO - Creating test vessels from sample data
2025-01-30 13:48:23,028 - src.utils.api_handler - INFO - Successfully created 3 test vessels
2025-01-30 20:06:45,883 - src.utils.api_handler - INFO - Creating test vessels from sample data
2025-01-30 20:06:45,970 - src.utils.api_handler - ERROR - Failed to create vessel OLYMPIC CHAMPION: Can't instantiate abstract class Vessel with abstract methods calculate_specific_consumption, get_vessel_specific_info
2025-01-30 20:06:45,971 - src.utils.api_handler - ERROR - Failed to create vessel BLUE STAR DELOS: Can't instantiate abstract class Vessel with abstract methods calculate_specific_consumption, get_vessel_specific_info
2025-01-30 20:06:45,971 - src.utils.api_handler - ERROR - Failed to create vessel SUPERFAST XI: Can't instantiate abstract class Vessel with abstract methods calculate_specific_consumption, get_vessel_specific_info
2025-01-30 20:06:45,972 - src.utils.api_handler - INFO - Successfully created 0 test vessels
2025-01-30 20:06:55,533 - src.utils.api_handler - INFO - Creating test vessels from sample data
2025-01-30 20:06:55,537 - src.utils.api_handler - ERROR - Failed to create vessel OLYMPIC CHAMPION: Can't instantiate abstract class Vessel with abstract methods calculate_specific_consumption, get_vessel_specific_info
2025-01-30 20:06:55,540 - src.utils.api_handler - ERROR - Failed to create vessel BLUE STAR DELOS: Can't instantiate abstract class Vessel with abstract methods calculate_specific_consumption, get_vessel_specific_info
2025-01-30 20:06:55,541 - src.utils.api_handler - ERROR - Failed to create vessel SUPERFAST XI: Can't instantiate abstract class Vessel with abstract methods calculate_specific_consumption, get_vessel_specific_info
2025-01-30 20:06:55,542 - src.utils.api_handler - INFO - Successfully created 0 test vessels
2025-01-30 20:06:57,602 - src.utils.api_handler - INFO - Creating test vessels from sample data
2025-01-30 20:06:57,604 - src.utils.api_handler - ERROR - Failed to create vessel OLYMPIC CHAMPION: Can't instantiate abstract class Vessel with abstract methods calculate_specific_consumption, get_vessel_specific_info
2025-01-30 20:06:57,605 - src.utils.api_handler - ERROR - Failed to create vessel BLUE STAR DELOS: Can't instantiate abstract class Vessel with abstract methods calculate_specific_consumption, get_vessel_specific_info
2025-01-30 20:06:57,607 - src.utils.api_handler - ERROR - Failed to create vessel SUPERFAST XI: Can't instantiate abstract class Vessel with abstract methods calculate_specific_consumption, get_vessel_specific_info
2025-01-30 20:06:57,607 - src.utils.api_handler - INFO - Successfully created 0 test vessels
2025-01-30 20:17:34,087 - src.utils.api_handler - INFO - Creating test vessels from sample data
2025-01-30 20:17:34,212 - src.utils.api_handler - INFO - Successfully created 3 test vessels
2025-01-30 20:22:33,685 - src.utils.api_handler - INFO - Creating test vessels from sample data
2025-01-30 20:22:33,739 - src.utils.api_handler - INFO - Successfully created 3 test vessels
2025-01-30 20:25:43,181 - src.utils.api_handler - INFO - Creating test vessels from sample data
2025-01-30 20:25:43,201 - src.utils.api_handler - INFO - Successfully created 3 test vessels
2025-01-30 20:26:38,877 - src.utils.api_handler - INFO - Creating test vessels from sample data
2025-01-30 20:26:38,901 - src.utils.api_handler - INFO - Successfully created 3 test vessels
2025-01-30 20:26:39,513 - src.utils.api_handler - INFO - Creating test vessels from sample data
2025-01-30 20:26:39,530 - src.utils.api_handler - INFO - Successfully created 3 test vessels
2025-01-30 20:26:45,643 - src.utils.api_handler - INFO - Creating test vessels from sample data
2025-01-30 20:26:45,654 - src.utils.api_handler - INFO - Successfully created 3 test vessels
2025-01-30 20:26:52,792 - src.utils.api_handler - INFO - Creating test vessels from sample data
2025-01-30 20:26:52,813 - src.utils.api_handler - INFO - Successfully created 3 test vessels
2025-01-30 20:27:08,363 - src.utils.api_handler - INFO - Creating test vessels from sample data
2025-01-30 20:27:08,379 - src.utils.api_handler - INFO - Successfully created 3 test vessels
2025-01-30 20:28:15,425 - src.utils.api_handler - INFO - Creating test vessels from sample data
2025-01-30 20:28:15,442 - src.utils.api_handler - INFO - Successfully created 3 test vessels
